<?xml version="1.0" encoding="UTF-8"?>
<testng-results skipped="0" failed="1" ignored="2" total="4" passed="1">
  <reporter-output>
    <line>
      <![CDATA[Click on the link to view the Screenshot]]>
    </line>
    <line>
      <![CDATA[<a target = "_blank" href=D:\DataDrivenFramework\target\surefire-reports\html\AddCustomertest_Mon_Oct_05_11_43_45_IST_2020.jpg>Screenshot</a>]]>
    </line>
  </reporter-output>
  <suite name="DataDrivenFramework" duration-ms="2115" started-at="2020-10-05T06:13:43Z" finished-at="2020-10-05T06:13:45Z">
    <groups>
    </groups>
    <test name="xyz bank" duration-ms="2115" started-at="2020-10-05T06:13:43Z" finished-at="2020-10-05T06:13:45Z">
      <class name="com.evoketech.testscripts.LoginTest">
        <test-method status="PASS" signature="setUp()[pri:0, instance:com.evoketech.testscripts.LoginTest@54e1c68b]" name="setUp" is-config="true" duration-ms="13039" started-at="2020-10-05T06:13:30Z" finished-at="2020-10-05T06:13:43Z">
          <reporter-output>
          </reporter-output>
        </test-method> <!-- setUp -->
        <test-method status="PASS" signature="loginAsBankManager()[pri:0, instance:com.evoketech.testscripts.LoginTest@54e1c68b]" name="loginAsBankManager" duration-ms="300" started-at="2020-10-05T06:13:43Z" finished-at="2020-10-05T06:13:43Z">
          <reporter-output>
          </reporter-output>
        </test-method> <!-- loginAsBankManager -->
        <test-method status="PASS" signature="tearDown()[pri:0, instance:com.evoketech.testscripts.LoginTest@54e1c68b]" name="tearDown" is-config="true" duration-ms="656" started-at="2020-10-05T06:13:45Z" finished-at="2020-10-05T06:13:46Z">
          <reporter-output>
          </reporter-output>
        </test-method> <!-- tearDown -->
      </class> <!-- com.evoketech.testscripts.LoginTest -->
      <class name="com.evoketech.testscripts.AddCustomer">
        <test-method status="FAIL" signature="AddCustomertest()[pri:0, instance:com.evoketech.testscripts.AddCustomer@53aac487]" name="AddCustomertest" duration-ms="619" started-at="2020-10-05T06:13:44Z" finished-at="2020-10-05T06:13:45Z">
          <exception class="org.openqa.selenium.InvalidSelectorException">
            <message>
              <![CDATA[invalid selector: Unable to locate an element with the xpath expression //input[@placeholder='Post Code' because of the following error:
SyntaxError: Failed to execute 'evaluate' on 'Document': The string '//input[@placeholder='Post Code'' is not a valid XPath expression.
  (Session info: chrome=85.0.4183.121)
For documentation on this error, please visit: https://www.seleniumhq.org/exceptions/invalid_selector_exception.html
Build info: version: '3.141.59', revision: 'e82be7d358', time: '2018-11-14T08:17:03'
System info: host: 'DESKTOP-9K27E3Q', ip: '192.168.43.216', os.name: 'Windows 10', os.arch: 'amd64', os.version: '10.0', java.version: '1.8.0_261'
Driver info: org.openqa.selenium.chrome.ChromeDriver
Capabilities {acceptInsecureCerts: false, browserName: chrome, browserVersion: 85.0.4183.121, chrome: {chromedriverVersion: 85.0.4183.87 (cd6713ebf92fa..., userDataDir: C:\Users\JAGADE~1\AppData\L...}, goog:chromeOptions: {debuggerAddress: localhost:63100}, javascriptEnabled: true, networkConnectionEnabled: false, pageLoadStrategy: normal, platform: WINDOWS, platformName: WINDOWS, proxy: Proxy(), setWindowRect: true, strictFileInteractability: false, timeouts: {implicit: 0, pageLoad: 300000, script: 30000}, unhandledPromptBehavior: dismiss and notify, webauthn:virtualAuthenticators: true}
Session ID: 60e54a8415a5c57ff06c9d0da07e228c
*** Element info: {Using=xpath, value=//input[@placeholder='Post Code'}]]>
            </message>
            <full-stacktrace>
              <![CDATA[org.openqa.selenium.InvalidSelectorException: invalid selector: Unable to locate an element with the xpath expression //input[@placeholder='Post Code' because of the following error:
SyntaxError: Failed to execute 'evaluate' on 'Document': The string '//input[@placeholder='Post Code'' is not a valid XPath expression.
  (Session info: chrome=85.0.4183.121)
For documentation on this error, please visit: https://www.seleniumhq.org/exceptions/invalid_selector_exception.html
Build info: version: '3.141.59', revision: 'e82be7d358', time: '2018-11-14T08:17:03'
System info: host: 'DESKTOP-9K27E3Q', ip: '192.168.43.216', os.name: 'Windows 10', os.arch: 'amd64', os.version: '10.0', java.version: '1.8.0_261'
Driver info: org.openqa.selenium.chrome.ChromeDriver
Capabilities {acceptInsecureCerts: false, browserName: chrome, browserVersion: 85.0.4183.121, chrome: {chromedriverVersion: 85.0.4183.87 (cd6713ebf92fa..., userDataDir: C:\Users\JAGADE~1\AppData\L...}, goog:chromeOptions: {debuggerAddress: localhost:63100}, javascriptEnabled: true, networkConnectionEnabled: false, pageLoadStrategy: normal, platform: WINDOWS, platformName: WINDOWS, proxy: Proxy(), setWindowRect: true, strictFileInteractability: false, timeouts: {implicit: 0, pageLoad: 300000, script: 30000}, unhandledPromptBehavior: dismiss and notify, webauthn:virtualAuthenticators: true}
Session ID: 60e54a8415a5c57ff06c9d0da07e228c
*** Element info: {Using=xpath, value=//input[@placeholder='Post Code'}
at sun.reflect.NativeConstructorAccessorImpl.newInstance0(Native Method)
at sun.reflect.NativeConstructorAccessorImpl.newInstance(NativeConstructorAccessorImpl.java:62)
at sun.reflect.DelegatingConstructorAccessorImpl.newInstance(DelegatingConstructorAccessorImpl.java:45)
at java.lang.reflect.Constructor.newInstance(Constructor.java:423)
at org.openqa.selenium.remote.http.W3CHttpResponseCodec.createException(W3CHttpResponseCodec.java:187)
at org.openqa.selenium.remote.http.W3CHttpResponseCodec.decode(W3CHttpResponseCodec.java:122)
at org.openqa.selenium.remote.http.W3CHttpResponseCodec.decode(W3CHttpResponseCodec.java:49)
at org.openqa.selenium.remote.HttpCommandExecutor.execute(HttpCommandExecutor.java:158)
at org.openqa.selenium.remote.service.DriverCommandExecutor.execute(DriverCommandExecutor.java:83)
at org.openqa.selenium.remote.RemoteWebDriver.execute(RemoteWebDriver.java:552)
at org.openqa.selenium.remote.RemoteWebDriver.findElement(RemoteWebDriver.java:323)
at org.openqa.selenium.remote.RemoteWebDriver.findElementByXPath(RemoteWebDriver.java:428)
at org.openqa.selenium.By$ByXPath.findElement(By.java:353)
at org.openqa.selenium.remote.RemoteWebDriver.findElement(RemoteWebDriver.java:315)
at com.evoketech.testscripts.AddCustomer.AddCustomertest(AddCustomer.java:19)
at sun.reflect.NativeMethodAccessorImpl.invoke0(Native Method)
at sun.reflect.NativeMethodAccessorImpl.invoke(NativeMethodAccessorImpl.java:62)
at sun.reflect.DelegatingMethodAccessorImpl.invoke(DelegatingMethodAccessorImpl.java:43)
at java.lang.reflect.Method.invoke(Method.java:498)
at org.testng.internal.MethodInvocationHelper.invokeMethod(MethodInvocationHelper.java:124)
at org.testng.internal.Invoker.invokeMethod(Invoker.java:583)
at org.testng.internal.Invoker.invokeTestMethod(Invoker.java:719)
at org.testng.internal.Invoker.invokeTestMethods(Invoker.java:989)
at org.testng.internal.TestMethodWorker.invokeTestMethods(TestMethodWorker.java:125)
at org.testng.internal.TestMethodWorker.run(TestMethodWorker.java:109)
at org.testng.TestRunner.privateRun(TestRunner.java:648)
at org.testng.TestRunner.run(TestRunner.java:505)
at org.testng.SuiteRunner.runTest(SuiteRunner.java:455)
at org.testng.SuiteRunner.runSequentially(SuiteRunner.java:450)
at org.testng.SuiteRunner.privateRun(SuiteRunner.java:415)
at org.testng.SuiteRunner.run(SuiteRunner.java:364)
at org.testng.SuiteRunnerWorker.runSuite(SuiteRunnerWorker.java:52)
at org.testng.SuiteRunnerWorker.run(SuiteRunnerWorker.java:84)
at org.testng.TestNG.runSuitesSequentially(TestNG.java:1208)
at org.testng.TestNG.runSuitesLocally(TestNG.java:1137)
at org.testng.TestNG.runSuites(TestNG.java:1049)
at org.testng.TestNG.run(TestNG.java:1017)
at org.apache.maven.surefire.testng.TestNGExecutor.run(TestNGExecutor.java:281)
at org.apache.maven.surefire.testng.TestNGXmlTestSuite.execute(TestNGXmlTestSuite.java:75)
at org.apache.maven.surefire.testng.TestNGProvider.invoke(TestNGProvider.java:121)
at org.apache.maven.surefire.booter.ForkedBooter.invokeProviderInSameClassLoader(ForkedBooter.java:290)
at org.apache.maven.surefire.booter.ForkedBooter.runSuitesInProcess(ForkedBooter.java:242)
at org.apache.maven.surefire.booter.ForkedBooter.main(ForkedBooter.java:121)
]]>
            </full-stacktrace>
          </exception> <!-- org.openqa.selenium.InvalidSelectorException -->
          <reporter-output>
            <line>
              <![CDATA[Click on the link to view the Screenshot]]>
            </line>
            <line>
              <![CDATA[<a target = "_blank" href=D:\DataDrivenFramework\target\surefire-reports\html\AddCustomertest_Mon_Oct_05_11_43_45_IST_2020.jpg>Screenshot</a>]]>
            </line>
          </reporter-output>
        </test-method> <!-- AddCustomertest -->
      </class> <!-- com.evoketech.testscripts.AddCustomer -->
    </test> <!-- xyz bank -->
  </suite> <!-- DataDrivenFramework -->
</testng-results>
