<?xml version="1.0" encoding="UTF-8"?>
<!-- Generated by org.testng.reporters.JUnitXMLReporter -->
<testsuite hostname="DESKTOP-9K27E3Q" ignored="2" name="xyz bank" tests="2" failures="0" timestamp="02 Oct 2020 04:36:27 GMT" time="7.109" errors="0">
  <testcase name="loginAsBankManager" time="0.251" classname="com.evoketech.testscripts.LoginTest"/>
  <testcase name="AddCustomertest" time="6.822" classname="com.evoketech.testscripts.AddCustomer"/>
  <testcase name="@BeforeSuite setUp" time="0.0" classname="com.evoketech.base.BaseTest">
    <ignored/>
  </testcase> <!-- @BeforeSuite setUp -->
  <testcase name="@AfterSuite tearDown" time="0.0" classname="com.evoketech.base.BaseTest">
    <ignored/>
  </testcase> <!-- @AfterSuite tearDown -->
</testsuite> <!-- xyz bank -->
